[2022-02-09T11:09:56.905] [ERROR] default - Error: ER_ACCESS_DENIED_ERROR: Access denied for user 'root'@'49.77.103.80' (using password: YES)
    at Handshake.Sequence._packetToError (C:\Users\Administrator\Desktop\socket\node_modules\mysql\lib\protocol\sequences\Sequence.js:47:14)
    at Handshake.ErrorPacket (C:\Users\Administrator\Desktop\socket\node_modules\mysql\lib\protocol\sequences\Handshake.js:123:18)
    at Protocol._parsePacket (C:\Users\Administrator\Desktop\socket\node_modules\mysql\lib\protocol\Protocol.js:291:23)
    at Parser._parsePacket (C:\Users\Administrator\Desktop\socket\node_modules\mysql\lib\protocol\Parser.js:433:10)
    at Parser.write (C:\Users\Administrator\Desktop\socket\node_modules\mysql\lib\protocol\Parser.js:43:10)
    at Protocol.write (C:\Users\Administrator\Desktop\socket\node_modules\mysql\lib\protocol\Protocol.js:38:16)
    at Socket.<anonymous> (C:\Users\Administrator\Desktop\socket\node_modules\mysql\lib\Connection.js:88:28)
    at Socket.<anonymous> (C:\Users\Administrator\Desktop\socket\node_modules\mysql\lib\Connection.js:526:10)
    at Socket.emit (events.js:315:20)
    at addChunk (_stream_readable.js:295:12)
    --------------------
    at Protocol._enqueue (C:\Users\Administrator\Desktop\socket\node_modules\mysql\lib\protocol\Protocol.js:144:48)
    at Protocol.handshake (C:\Users\Administrator\Desktop\socket\node_modules\mysql\lib\protocol\Protocol.js:51:23)
    at PoolConnection.connect (C:\Users\Administrator\Desktop\socket\node_modules\mysql\lib\Connection.js:116:18)
    at Pool.getConnection (C:\Users\Administrator\Desktop\socket\node_modules\mysql\lib\Pool.js:48:16)
    at Socket.<anonymous> (C:\Users\Administrator\Desktop\socket\index.js:67:27)
    at Socket.emit (events.js:315:20)
    at addChunk (_stream_readable.js:295:12)
    at readableAddChunk (_stream_readable.js:271:9)
    at Socket.Readable.push (_stream_readable.js:212:10)
    at TCP.onStreamRead (internal/stream_base_commons.js:186:23) {
  code: 'ER_ACCESS_DENIED_ERROR',
  errno: 1045,
  sqlMessage: "Access denied for user 'root'@'49.77.103.80' (using password: YES)",
  sqlState: '28000',
  fatal: true
}
[2022-02-09T11:18:19.064] [ERROR] default - Error: ER_ACCESS_DENIED_ERROR: Access denied for user 'root'@'49.77.103.80' (using password: YES)
    at Handshake.Sequence._packetToError (C:\Users\Administrator\Desktop\socket\node_modules\mysql\lib\protocol\sequences\Sequence.js:47:14)
    at Handshake.ErrorPacket (C:\Users\Administrator\Desktop\socket\node_modules\mysql\lib\protocol\sequences\Handshake.js:123:18)
    at Protocol._parsePacket (C:\Users\Administrator\Desktop\socket\node_modules\mysql\lib\protocol\Protocol.js:291:23)
    at Parser._parsePacket (C:\Users\Administrator\Desktop\socket\node_modules\mysql\lib\protocol\Parser.js:433:10)
    at Parser.write (C:\Users\Administrator\Desktop\socket\node_modules\mysql\lib\protocol\Parser.js:43:10)
    at Protocol.write (C:\Users\Administrator\Desktop\socket\node_modules\mysql\lib\protocol\Protocol.js:38:16)
    at Socket.<anonymous> (C:\Users\Administrator\Desktop\socket\node_modules\mysql\lib\Connection.js:88:28)
    at Socket.<anonymous> (C:\Users\Administrator\Desktop\socket\node_modules\mysql\lib\Connection.js:526:10)
    at Socket.emit (events.js:315:20)
    at addChunk (_stream_readable.js:295:12)
    --------------------
    at Protocol._enqueue (C:\Users\Administrator\Desktop\socket\node_modules\mysql\lib\protocol\Protocol.js:144:48)
    at Protocol.handshake (C:\Users\Administrator\Desktop\socket\node_modules\mysql\lib\protocol\Protocol.js:51:23)
    at PoolConnection.connect (C:\Users\Administrator\Desktop\socket\node_modules\mysql\lib\Connection.js:116:18)
    at Pool.getConnection (C:\Users\Administrator\Desktop\socket\node_modules\mysql\lib\Pool.js:48:16)
    at Socket.<anonymous> (C:\Users\Administrator\Desktop\socket\index.js:67:27)
    at Socket.emit (events.js:315:20)
    at addChunk (_stream_readable.js:295:12)
    at readableAddChunk (_stream_readable.js:271:9)
    at Socket.Readable.push (_stream_readable.js:212:10)
    at TCP.onStreamRead (internal/stream_base_commons.js:186:23) {
  code: 'ER_ACCESS_DENIED_ERROR',
  errno: 1045,
  sqlMessage: "Access denied for user 'root'@'49.77.103.80' (using password: YES)",
  sqlState: '28000',
  fatal: true
}
[2022-04-06T16:51:39.192] [ERROR] default - Error: ER_PARSE_ERROR: You have an error in your SQL syntax; check the manual that corresponds to your MySQL server version for the right syntax to use near '25:75:124 AND num=82 AND bussiness=0 AND card=0x190x4b0x7c0xe50x000x000x000x00 A' at line 1
    at Query.Sequence._packetToError (C:\Users\Administrator\Desktop\socket\node_modules\mysql\lib\protocol\sequences\Sequence.js:47:14)
    at Query.ErrorPacket (C:\Users\Administrator\Desktop\socket\node_modules\mysql\lib\protocol\sequences\Query.js:79:18)
    at Protocol._parsePacket (C:\Users\Administrator\Desktop\socket\node_modules\mysql\lib\protocol\Protocol.js:291:23)
    at Parser._parsePacket (C:\Users\Administrator\Desktop\socket\node_modules\mysql\lib\protocol\Parser.js:433:10)
    at Parser.write (C:\Users\Administrator\Desktop\socket\node_modules\mysql\lib\protocol\Parser.js:43:10)
    at Protocol.write (C:\Users\Administrator\Desktop\socket\node_modules\mysql\lib\protocol\Protocol.js:38:16)
    at Socket.<anonymous> (C:\Users\Administrator\Desktop\socket\node_modules\mysql\lib\Connection.js:88:28)
    at Socket.<anonymous> (C:\Users\Administrator\Desktop\socket\node_modules\mysql\lib\Connection.js:526:10)
    at Socket.emit (node:events:520:28)
    at addChunk (node:internal/streams/readable:315:12)
    --------------------
    at Pool.query (C:\Users\Administrator\Desktop\socket\node_modules\mysql\lib\Pool.js:199:23)
    at C:\Users\Administrator\Desktop\socket\index.js:77:31
    at Handshake.onConnect (C:\Users\Administrator\Desktop\socket\node_modules\mysql\lib\Pool.js:64:7)
    at Handshake.<anonymous> (C:\Users\Administrator\Desktop\socket\node_modules\mysql\lib\Connection.js:526:10)
    at Handshake._callback (C:\Users\Administrator\Desktop\socket\node_modules\mysql\lib\Connection.js:488:16)
    at Handshake.Sequence.end (C:\Users\Administrator\Desktop\socket\node_modules\mysql\lib\protocol\sequences\Sequence.js:83:24)
    at Handshake.Sequence.OkPacket (C:\Users\Administrator\Desktop\socket\node_modules\mysql\lib\protocol\sequences\Sequence.js:92:8)
    at Protocol._parsePacket (C:\Users\Administrator\Desktop\socket\node_modules\mysql\lib\protocol\Protocol.js:291:23)
    at Parser._parsePacket (C:\Users\Administrator\Desktop\socket\node_modules\mysql\lib\protocol\Parser.js:433:10)
    at Parser.write (C:\Users\Administrator\Desktop\socket\node_modules\mysql\lib\protocol\Parser.js:43:10) {
  code: 'ER_PARSE_ERROR',
  errno: 1064,
  sqlMessage: "You have an error in your SQL syntax; check the manual that corresponds to your MySQL server version for the right syntax to use near '25:75:124 AND num=82 AND bussiness=0 AND card=0x190x4b0x7c0xe50x000x000x000x00 A' at line 1",
  sqlState: '42000',
  index: 0,
  sql: 'SELECT * FROM doorlog WHERE time=2049-1-4 25:75:124 AND num=82 AND bussiness=0 AND card=0x190x4b0x7c0xe50x000x000x000x00 AND equipment=1'
}
[2022-04-06T16:57:38.701] [ERROR] default - Error: ER_PARSE_ERROR: You have an error in your SQL syntax; check the manual that corresponds to your MySQL server version for the right syntax to use near '25:75:124 AND num=82 AND bussiness=0 AND card=0x190x4b0x7c0xe50x000x000x000x00 A' at line 1
    at Query.Sequence._packetToError (C:\Users\Administrator\Desktop\socket\node_modules\mysql\lib\protocol\sequences\Sequence.js:47:14)
    at Query.ErrorPacket (C:\Users\Administrator\Desktop\socket\node_modules\mysql\lib\protocol\sequences\Query.js:79:18)
    at Protocol._parsePacket (C:\Users\Administrator\Desktop\socket\node_modules\mysql\lib\protocol\Protocol.js:291:23)
    at Parser._parsePacket (C:\Users\Administrator\Desktop\socket\node_modules\mysql\lib\protocol\Parser.js:433:10)
    at Parser.write (C:\Users\Administrator\Desktop\socket\node_modules\mysql\lib\protocol\Parser.js:43:10)
    at Protocol.write (C:\Users\Administrator\Desktop\socket\node_modules\mysql\lib\protocol\Protocol.js:38:16)
    at Socket.<anonymous> (C:\Users\Administrator\Desktop\socket\node_modules\mysql\lib\Connection.js:88:28)
    at Socket.<anonymous> (C:\Users\Administrator\Desktop\socket\node_modules\mysql\lib\Connection.js:526:10)
    at Socket.emit (node:events:520:28)
    at addChunk (node:internal/streams/readable:315:12)
    --------------------
    at Pool.query (C:\Users\Administrator\Desktop\socket\node_modules\mysql\lib\Pool.js:199:23)
    at C:\Users\Administrator\Desktop\socket\index.js:77:31
    at Handshake.onConnect (C:\Users\Administrator\Desktop\socket\node_modules\mysql\lib\Pool.js:64:7)
    at Handshake.<anonymous> (C:\Users\Administrator\Desktop\socket\node_modules\mysql\lib\Connection.js:526:10)
    at Handshake._callback (C:\Users\Administrator\Desktop\socket\node_modules\mysql\lib\Connection.js:488:16)
    at Handshake.Sequence.end (C:\Users\Administrator\Desktop\socket\node_modules\mysql\lib\protocol\sequences\Sequence.js:83:24)
    at Handshake.Sequence.OkPacket (C:\Users\Administrator\Desktop\socket\node_modules\mysql\lib\protocol\sequences\Sequence.js:92:8)
    at Protocol._parsePacket (C:\Users\Administrator\Desktop\socket\node_modules\mysql\lib\protocol\Protocol.js:291:23)
    at Parser._parsePacket (C:\Users\Administrator\Desktop\socket\node_modules\mysql\lib\protocol\Parser.js:433:10)
    at Parser.write (C:\Users\Administrator\Desktop\socket\node_modules\mysql\lib\protocol\Parser.js:43:10) {
  code: 'ER_PARSE_ERROR',
  errno: 1064,
  sqlMessage: "You have an error in your SQL syntax; check the manual that corresponds to your MySQL server version for the right syntax to use near '25:75:124 AND num=82 AND bussiness=0 AND card=0x190x4b0x7c0xe50x000x000x000x00 A' at line 1",
  sqlState: '42000',
  index: 0,
  sql: 'SELECT * FROM doorlog WHERE time=2049-1-4 25:75:124 AND num=82 AND bussiness=0 AND card=0x190x4b0x7c0xe50x000x000x000x00 AND equipment=1'
}
[2022-04-06T16:58:16.718] [ERROR] default - Error: ER_PARSE_ERROR: You have an error in your SQL syntax; check the manual that corresponds to your MySQL server version for the right syntax to use near '25:75:124 AND num=82 AND bussiness=0 AND card=0x190x4b0x7c0xe50x000x000x000x00 A' at line 1
    at Query.Sequence._packetToError (C:\Users\Administrator\Desktop\socket\node_modules\mysql\lib\protocol\sequences\Sequence.js:47:14)
    at Query.ErrorPacket (C:\Users\Administrator\Desktop\socket\node_modules\mysql\lib\protocol\sequences\Query.js:79:18)
    at Protocol._parsePacket (C:\Users\Administrator\Desktop\socket\node_modules\mysql\lib\protocol\Protocol.js:291:23)
    at Parser._parsePacket (C:\Users\Administrator\Desktop\socket\node_modules\mysql\lib\protocol\Parser.js:433:10)
    at Parser.write (C:\Users\Administrator\Desktop\socket\node_modules\mysql\lib\protocol\Parser.js:43:10)
    at Protocol.write (C:\Users\Administrator\Desktop\socket\node_modules\mysql\lib\protocol\Protocol.js:38:16)
    at Socket.<anonymous> (C:\Users\Administrator\Desktop\socket\node_modules\mysql\lib\Connection.js:88:28)
    at Socket.<anonymous> (C:\Users\Administrator\Desktop\socket\node_modules\mysql\lib\Connection.js:526:10)
    at Socket.emit (node:events:520:28)
    at addChunk (node:internal/streams/readable:315:12)
    --------------------
    at Pool.query (C:\Users\Administrator\Desktop\socket\node_modules\mysql\lib\Pool.js:199:23)
    at C:\Users\Administrator\Desktop\socket\index.js:78:31
    at Handshake.onConnect (C:\Users\Administrator\Desktop\socket\node_modules\mysql\lib\Pool.js:64:7)
    at Handshake.<anonymous> (C:\Users\Administrator\Desktop\socket\node_modules\mysql\lib\Connection.js:526:10)
    at Handshake._callback (C:\Users\Administrator\Desktop\socket\node_modules\mysql\lib\Connection.js:488:16)
    at Handshake.Sequence.end (C:\Users\Administrator\Desktop\socket\node_modules\mysql\lib\protocol\sequences\Sequence.js:83:24)
    at Handshake.Sequence.OkPacket (C:\Users\Administrator\Desktop\socket\node_modules\mysql\lib\protocol\sequences\Sequence.js:92:8)
    at Protocol._parsePacket (C:\Users\Administrator\Desktop\socket\node_modules\mysql\lib\protocol\Protocol.js:291:23)
    at Parser._parsePacket (C:\Users\Administrator\Desktop\socket\node_modules\mysql\lib\protocol\Parser.js:433:10)
    at Parser.write (C:\Users\Administrator\Desktop\socket\node_modules\mysql\lib\protocol\Parser.js:43:10) {
  code: 'ER_PARSE_ERROR',
  errno: 1064,
  sqlMessage: "You have an error in your SQL syntax; check the manual that corresponds to your MySQL server version for the right syntax to use near '25:75:124 AND num=82 AND bussiness=0 AND card=0x190x4b0x7c0xe50x000x000x000x00 A' at line 1",
  sqlState: '42000',
  index: 0,
  sql: 'SELECT * FROM doorlog WHERE time=2049-1-4 25:75:124 AND num=82 AND bussiness=0 AND card=0x190x4b0x7c0xe50x000x000x000x00 AND equipment=1'
}
[2022-04-06T16:58:48.001] [ERROR] default - Error: ER_PARSE_ERROR: You have an error in your SQL syntax; check the manual that corresponds to your MySQL server version for the right syntax to use near '25:75:124 AND num=82 AND bussiness=0 AND card=0x190x4b0x7c0xe50x000x000x000x00 A' at line 1
    at Query.Sequence._packetToError (C:\Users\Administrator\Desktop\socket\node_modules\mysql\lib\protocol\sequences\Sequence.js:47:14)
    at Query.ErrorPacket (C:\Users\Administrator\Desktop\socket\node_modules\mysql\lib\protocol\sequences\Query.js:79:18)
    at Protocol._parsePacket (C:\Users\Administrator\Desktop\socket\node_modules\mysql\lib\protocol\Protocol.js:291:23)
    at Parser._parsePacket (C:\Users\Administrator\Desktop\socket\node_modules\mysql\lib\protocol\Parser.js:433:10)
    at Parser.write (C:\Users\Administrator\Desktop\socket\node_modules\mysql\lib\protocol\Parser.js:43:10)
    at Protocol.write (C:\Users\Administrator\Desktop\socket\node_modules\mysql\lib\protocol\Protocol.js:38:16)
    at Socket.<anonymous> (C:\Users\Administrator\Desktop\socket\node_modules\mysql\lib\Connection.js:88:28)
    at Socket.<anonymous> (C:\Users\Administrator\Desktop\socket\node_modules\mysql\lib\Connection.js:526:10)
    at Socket.emit (node:events:520:28)
    at addChunk (node:internal/streams/readable:315:12)
    --------------------
    at Pool.query (C:\Users\Administrator\Desktop\socket\node_modules\mysql\lib\Pool.js:199:23)
    at C:\Users\Administrator\Desktop\socket\index.js:77:31
    at Handshake.onConnect (C:\Users\Administrator\Desktop\socket\node_modules\mysql\lib\Pool.js:64:7)
    at Handshake.<anonymous> (C:\Users\Administrator\Desktop\socket\node_modules\mysql\lib\Connection.js:526:10)
    at Handshake._callback (C:\Users\Administrator\Desktop\socket\node_modules\mysql\lib\Connection.js:488:16)
    at Handshake.Sequence.end (C:\Users\Administrator\Desktop\socket\node_modules\mysql\lib\protocol\sequences\Sequence.js:83:24)
    at Handshake.Sequence.OkPacket (C:\Users\Administrator\Desktop\socket\node_modules\mysql\lib\protocol\sequences\Sequence.js:92:8)
    at Protocol._parsePacket (C:\Users\Administrator\Desktop\socket\node_modules\mysql\lib\protocol\Protocol.js:291:23)
    at Parser._parsePacket (C:\Users\Administrator\Desktop\socket\node_modules\mysql\lib\protocol\Parser.js:433:10)
    at Parser.write (C:\Users\Administrator\Desktop\socket\node_modules\mysql\lib\protocol\Parser.js:43:10) {
  code: 'ER_PARSE_ERROR',
  errno: 1064,
  sqlMessage: "You have an error in your SQL syntax; check the manual that corresponds to your MySQL server version for the right syntax to use near '25:75:124 AND num=82 AND bussiness=0 AND card=0x190x4b0x7c0xe50x000x000x000x00 A' at line 1",
  sqlState: '42000',
  index: 0,
  sql: 'SELECT * FROM doorlog WHERE time=2049-1-4 25:75:124 AND num=82 AND bussiness=0 AND card=0x190x4b0x7c0xe50x000x000x000x00 AND equipment=1'
}
[2022-04-06T16:59:31.618] [ERROR] default - Error: ER_PARSE_ERROR: You have an error in your SQL syntax; check the manual that corresponds to your MySQL server version for the right syntax to use near '25:75:124 AND num=82 AND bussiness=0 AND card=0x190x4b0x7c0xe50x000x000x000x00 A' at line 1
    at Query.Sequence._packetToError (C:\Users\Administrator\Desktop\socket\node_modules\mysql\lib\protocol\sequences\Sequence.js:47:14)
    at Query.ErrorPacket (C:\Users\Administrator\Desktop\socket\node_modules\mysql\lib\protocol\sequences\Query.js:79:18)
    at Protocol._parsePacket (C:\Users\Administrator\Desktop\socket\node_modules\mysql\lib\protocol\Protocol.js:291:23)
    at Parser._parsePacket (C:\Users\Administrator\Desktop\socket\node_modules\mysql\lib\protocol\Parser.js:433:10)
    at Parser.write (C:\Users\Administrator\Desktop\socket\node_modules\mysql\lib\protocol\Parser.js:43:10)
    at Protocol.write (C:\Users\Administrator\Desktop\socket\node_modules\mysql\lib\protocol\Protocol.js:38:16)
    at Socket.<anonymous> (C:\Users\Administrator\Desktop\socket\node_modules\mysql\lib\Connection.js:88:28)
    at Socket.<anonymous> (C:\Users\Administrator\Desktop\socket\node_modules\mysql\lib\Connection.js:526:10)
    at Socket.emit (node:events:520:28)
    at addChunk (node:internal/streams/readable:315:12)
    --------------------
    at Pool.query (C:\Users\Administrator\Desktop\socket\node_modules\mysql\lib\Pool.js:199:23)
    at C:\Users\Administrator\Desktop\socket\index.js:77:31
    at Handshake.onConnect (C:\Users\Administrator\Desktop\socket\node_modules\mysql\lib\Pool.js:64:7)
    at Handshake.<anonymous> (C:\Users\Administrator\Desktop\socket\node_modules\mysql\lib\Connection.js:526:10)
    at Handshake._callback (C:\Users\Administrator\Desktop\socket\node_modules\mysql\lib\Connection.js:488:16)
    at Handshake.Sequence.end (C:\Users\Administrator\Desktop\socket\node_modules\mysql\lib\protocol\sequences\Sequence.js:83:24)
    at Handshake.Sequence.OkPacket (C:\Users\Administrator\Desktop\socket\node_modules\mysql\lib\protocol\sequences\Sequence.js:92:8)
    at Protocol._parsePacket (C:\Users\Administrator\Desktop\socket\node_modules\mysql\lib\protocol\Protocol.js:291:23)
    at Parser._parsePacket (C:\Users\Administrator\Desktop\socket\node_modules\mysql\lib\protocol\Parser.js:433:10)
    at Parser.write (C:\Users\Administrator\Desktop\socket\node_modules\mysql\lib\protocol\Parser.js:43:10) {
  code: 'ER_PARSE_ERROR',
  errno: 1064,
  sqlMessage: "You have an error in your SQL syntax; check the manual that corresponds to your MySQL server version for the right syntax to use near '25:75:124 AND num=82 AND bussiness=0 AND card=0x190x4b0x7c0xe50x000x000x000x00 A' at line 1",
  sqlState: '42000',
  index: 0,
  sql: 'SELECT * FROM doorlog WHERE time=2049-1-4 25:75:124 AND num=82 AND bussiness=0 AND card=0x190x4b0x7c0xe50x000x000x000x00 AND equipment=1'
}
[2022-04-06T17:00:09.729] [ERROR] default - Error: ER_PARSE_ERROR: You have an error in your SQL syntax; check the manual that corresponds to your MySQL server version for the right syntax to use near '25:75:124 AND num=82 AND bussiness=0 AND card=0x190x4b0x7c0xe50x000x000x000x00 A' at line 1
    at Query.Sequence._packetToError (C:\Users\Administrator\Desktop\socket\node_modules\mysql\lib\protocol\sequences\Sequence.js:47:14)
    at Query.ErrorPacket (C:\Users\Administrator\Desktop\socket\node_modules\mysql\lib\protocol\sequences\Query.js:79:18)
    at Protocol._parsePacket (C:\Users\Administrator\Desktop\socket\node_modules\mysql\lib\protocol\Protocol.js:291:23)
    at Parser._parsePacket (C:\Users\Administrator\Desktop\socket\node_modules\mysql\lib\protocol\Parser.js:433:10)
    at Parser.write (C:\Users\Administrator\Desktop\socket\node_modules\mysql\lib\protocol\Parser.js:43:10)
    at Protocol.write (C:\Users\Administrator\Desktop\socket\node_modules\mysql\lib\protocol\Protocol.js:38:16)
    at Socket.<anonymous> (C:\Users\Administrator\Desktop\socket\node_modules\mysql\lib\Connection.js:88:28)
    at Socket.<anonymous> (C:\Users\Administrator\Desktop\socket\node_modules\mysql\lib\Connection.js:526:10)
    at Socket.emit (node:events:520:28)
    at addChunk (node:internal/streams/readable:315:12)
    --------------------
    at Pool.query (C:\Users\Administrator\Desktop\socket\node_modules\mysql\lib\Pool.js:199:23)
    at C:\Users\Administrator\Desktop\socket\index.js:77:31
    at Handshake.onConnect (C:\Users\Administrator\Desktop\socket\node_modules\mysql\lib\Pool.js:64:7)
    at Handshake.<anonymous> (C:\Users\Administrator\Desktop\socket\node_modules\mysql\lib\Connection.js:526:10)
    at Handshake._callback (C:\Users\Administrator\Desktop\socket\node_modules\mysql\lib\Connection.js:488:16)
    at Handshake.Sequence.end (C:\Users\Administrator\Desktop\socket\node_modules\mysql\lib\protocol\sequences\Sequence.js:83:24)
    at Handshake.Sequence.OkPacket (C:\Users\Administrator\Desktop\socket\node_modules\mysql\lib\protocol\sequences\Sequence.js:92:8)
    at Protocol._parsePacket (C:\Users\Administrator\Desktop\socket\node_modules\mysql\lib\protocol\Protocol.js:291:23)
    at Parser._parsePacket (C:\Users\Administrator\Desktop\socket\node_modules\mysql\lib\protocol\Parser.js:433:10)
    at Parser.write (C:\Users\Administrator\Desktop\socket\node_modules\mysql\lib\protocol\Parser.js:43:10) {
  code: 'ER_PARSE_ERROR',
  errno: 1064,
  sqlMessage: "You have an error in your SQL syntax; check the manual that corresponds to your MySQL server version for the right syntax to use near '25:75:124 AND num=82 AND bussiness=0 AND card=0x190x4b0x7c0xe50x000x000x000x00 A' at line 1",
  sqlState: '42000',
  index: 0,
  sql: 'SELECT * FROM doorlog WHERE time=2049-1-4 25:75:124 AND num=82 AND bussiness=0 AND card=0x190x4b0x7c0xe50x000x000x000x00 AND equipment=1'
}
[2022-04-06T17:03:32.605] [ERROR] default - Error: ER_PARSE_ERROR: You have an error in your SQL syntax; check the manual that corresponds to your MySQL server version for the right syntax to use near '25:75:124 AND num=82 AND bussiness=0 AND card=194b7ce500000000 AND equipment=1' at line 1
    at Query.Sequence._packetToError (C:\Users\Administrator\Desktop\socket\node_modules\mysql\lib\protocol\sequences\Sequence.js:47:14)
    at Query.ErrorPacket (C:\Users\Administrator\Desktop\socket\node_modules\mysql\lib\protocol\sequences\Query.js:79:18)
    at Protocol._parsePacket (C:\Users\Administrator\Desktop\socket\node_modules\mysql\lib\protocol\Protocol.js:291:23)
    at Parser._parsePacket (C:\Users\Administrator\Desktop\socket\node_modules\mysql\lib\protocol\Parser.js:433:10)
    at Parser.write (C:\Users\Administrator\Desktop\socket\node_modules\mysql\lib\protocol\Parser.js:43:10)
    at Protocol.write (C:\Users\Administrator\Desktop\socket\node_modules\mysql\lib\protocol\Protocol.js:38:16)
    at Socket.<anonymous> (C:\Users\Administrator\Desktop\socket\node_modules\mysql\lib\Connection.js:88:28)
    at Socket.<anonymous> (C:\Users\Administrator\Desktop\socket\node_modules\mysql\lib\Connection.js:526:10)
    at Socket.emit (node:events:520:28)
    at addChunk (node:internal/streams/readable:315:12)
    --------------------
    at Pool.query (C:\Users\Administrator\Desktop\socket\node_modules\mysql\lib\Pool.js:199:23)
    at C:\Users\Administrator\Desktop\socket\index.js:77:31
    at Handshake.onConnect (C:\Users\Administrator\Desktop\socket\node_modules\mysql\lib\Pool.js:64:7)
    at Handshake.<anonymous> (C:\Users\Administrator\Desktop\socket\node_modules\mysql\lib\Connection.js:526:10)
    at Handshake._callback (C:\Users\Administrator\Desktop\socket\node_modules\mysql\lib\Connection.js:488:16)
    at Handshake.Sequence.end (C:\Users\Administrator\Desktop\socket\node_modules\mysql\lib\protocol\sequences\Sequence.js:83:24)
    at Handshake.Sequence.OkPacket (C:\Users\Administrator\Desktop\socket\node_modules\mysql\lib\protocol\sequences\Sequence.js:92:8)
    at Protocol._parsePacket (C:\Users\Administrator\Desktop\socket\node_modules\mysql\lib\protocol\Protocol.js:291:23)
    at Parser._parsePacket (C:\Users\Administrator\Desktop\socket\node_modules\mysql\lib\protocol\Parser.js:433:10)
    at Parser.write (C:\Users\Administrator\Desktop\socket\node_modules\mysql\lib\protocol\Parser.js:43:10) {
  code: 'ER_PARSE_ERROR',
  errno: 1064,
  sqlMessage: "You have an error in your SQL syntax; check the manual that corresponds to your MySQL server version for the right syntax to use near '25:75:124 AND num=82 AND bussiness=0 AND card=194b7ce500000000 AND equipment=1' at line 1",
  sqlState: '42000',
  index: 0,
  sql: 'SELECT * FROM doorlog WHERE time=2049-1-4 25:75:124 AND num=82 AND bussiness=0 AND card=194b7ce500000000 AND equipment=1'
}
[2022-04-06T17:04:23.548] [ERROR] default - Error: ER_PARSE_ERROR: You have an error in your SQL syntax; check the manual that corresponds to your MySQL server version for the right syntax to use near '25:75:124 AND num=82 AND bussiness=0 AND card=194b7ce500000000 AND equipment=1' at line 1
    at Query.Sequence._packetToError (C:\Users\Administrator\Desktop\socket\node_modules\mysql\lib\protocol\sequences\Sequence.js:47:14)
    at Query.ErrorPacket (C:\Users\Administrator\Desktop\socket\node_modules\mysql\lib\protocol\sequences\Query.js:79:18)
    at Protocol._parsePacket (C:\Users\Administrator\Desktop\socket\node_modules\mysql\lib\protocol\Protocol.js:291:23)
    at Parser._parsePacket (C:\Users\Administrator\Desktop\socket\node_modules\mysql\lib\protocol\Parser.js:433:10)
    at Parser.write (C:\Users\Administrator\Desktop\socket\node_modules\mysql\lib\protocol\Parser.js:43:10)
    at Protocol.write (C:\Users\Administrator\Desktop\socket\node_modules\mysql\lib\protocol\Protocol.js:38:16)
    at Socket.<anonymous> (C:\Users\Administrator\Desktop\socket\node_modules\mysql\lib\Connection.js:88:28)
    at Socket.<anonymous> (C:\Users\Administrator\Desktop\socket\node_modules\mysql\lib\Connection.js:526:10)
    at Socket.emit (node:events:520:28)
    at addChunk (node:internal/streams/readable:315:12)
    --------------------
    at Pool.query (C:\Users\Administrator\Desktop\socket\node_modules\mysql\lib\Pool.js:199:23)
    at C:\Users\Administrator\Desktop\socket\index.js:77:31
    at Ping.onOperationComplete (C:\Users\Administrator\Desktop\socket\node_modules\mysql\lib\Pool.js:110:5)
    at Ping.<anonymous> (C:\Users\Administrator\Desktop\socket\node_modules\mysql\lib\Connection.js:526:10)
    at Ping._callback (C:\Users\Administrator\Desktop\socket\node_modules\mysql\lib\Connection.js:488:16)
    at Ping.Sequence.end (C:\Users\Administrator\Desktop\socket\node_modules\mysql\lib\protocol\sequences\Sequence.js:83:24)
    at Ping.Sequence.OkPacket (C:\Users\Administrator\Desktop\socket\node_modules\mysql\lib\protocol\sequences\Sequence.js:92:8)
    at Protocol._parsePacket (C:\Users\Administrator\Desktop\socket\node_modules\mysql\lib\protocol\Protocol.js:291:23)
    at Parser._parsePacket (C:\Users\Administrator\Desktop\socket\node_modules\mysql\lib\protocol\Parser.js:433:10)
    at Parser.write (C:\Users\Administrator\Desktop\socket\node_modules\mysql\lib\protocol\Parser.js:43:10) {
  code: 'ER_PARSE_ERROR',
  errno: 1064,
  sqlMessage: "You have an error in your SQL syntax; check the manual that corresponds to your MySQL server version for the right syntax to use near '25:75:124 AND num=82 AND bussiness=0 AND card=194b7ce500000000 AND equipment=1' at line 1",
  sqlState: '42000',
  index: 0,
  sql: 'SELECT * FROM doorlog WHERE time=2049-1-4 25:75:124 AND num=82 AND bussiness=0 AND card=194b7ce500000000 AND equipment=1'
}
[2022-04-06T17:15:21.245] [ERROR] default - Error: ER_DATA_TOO_LONG: Data too long for column 'time' at row 1
    at Query.Sequence._packetToError (C:\Users\Administrator\Desktop\socket\node_modules\mysql\lib\protocol\sequences\Sequence.js:47:14)
    at Query.ErrorPacket (C:\Users\Administrator\Desktop\socket\node_modules\mysql\lib\protocol\sequences\Query.js:79:18)
    at Protocol._parsePacket (C:\Users\Administrator\Desktop\socket\node_modules\mysql\lib\protocol\Protocol.js:291:23)
    at Parser._parsePacket (C:\Users\Administrator\Desktop\socket\node_modules\mysql\lib\protocol\Parser.js:433:10)
    at Parser.write (C:\Users\Administrator\Desktop\socket\node_modules\mysql\lib\protocol\Parser.js:43:10)
    at Protocol.write (C:\Users\Administrator\Desktop\socket\node_modules\mysql\lib\protocol\Protocol.js:38:16)
    at Socket.<anonymous> (C:\Users\Administrator\Desktop\socket\node_modules\mysql\lib\Connection.js:88:28)
    at Socket.<anonymous> (C:\Users\Administrator\Desktop\socket\node_modules\mysql\lib\Connection.js:526:10)
    at Socket.emit (node:events:520:28)
    at addChunk (node:internal/streams/readable:315:12)
    --------------------
    at Protocol._enqueue (C:\Users\Administrator\Desktop\socket\node_modules\mysql\lib\protocol\Protocol.js:144:48)
    at PoolConnection.query (C:\Users\Administrator\Desktop\socket\node_modules\mysql\lib\Connection.js:198:25)
    at Query.<anonymous> (C:\Users\Administrator\Desktop\socket\index.js:86:52)
    at Query.<anonymous> (C:\Users\Administrator\Desktop\socket\node_modules\mysql\lib\Connection.js:526:10)
    at Query._callback (C:\Users\Administrator\Desktop\socket\node_modules\mysql\lib\Connection.js:488:16)
    at Query.Sequence.end (C:\Users\Administrator\Desktop\socket\node_modules\mysql\lib\protocol\sequences\Sequence.js:83:24)
    at Query._handleFinalResultPacket (C:\Users\Administrator\Desktop\socket\node_modules\mysql\lib\protocol\sequences\Query.js:149:8)
    at Query.EofPacket (C:\Users\Administrator\Desktop\socket\node_modules\mysql\lib\protocol\sequences\Query.js:133:8)
    at Protocol._parsePacket (C:\Users\Administrator\Desktop\socket\node_modules\mysql\lib\protocol\Protocol.js:291:23)
    at Parser._parsePacket (C:\Users\Administrator\Desktop\socket\node_modules\mysql\lib\protocol\Parser.js:433:10) {
  code: 'ER_DATA_TOO_LONG',
  errno: 1406,
  sqlMessage: "Data too long for column 'time' at row 1",
  sqlState: '22001',
  index: 0,
  sql: "INSERT INTO doorlog SET `time` = '2049-1-4 25:75:124', `bussiness` = 0, `num` = 82, `content` = 1, `length` = 4, `card` = '194b7ce500000000', `equipment` = 1"
}
[2022-04-06T17:16:12.120] [ERROR] default - Error: ER_DATA_TOO_LONG: Data too long for column 'time' at row 1
    at Query.Sequence._packetToError (C:\Users\Administrator\Desktop\socket\node_modules\mysql\lib\protocol\sequences\Sequence.js:47:14)
    at Query.ErrorPacket (C:\Users\Administrator\Desktop\socket\node_modules\mysql\lib\protocol\sequences\Query.js:79:18)
    at Protocol._parsePacket (C:\Users\Administrator\Desktop\socket\node_modules\mysql\lib\protocol\Protocol.js:291:23)
    at Parser._parsePacket (C:\Users\Administrator\Desktop\socket\node_modules\mysql\lib\protocol\Parser.js:433:10)
    at Parser.write (C:\Users\Administrator\Desktop\socket\node_modules\mysql\lib\protocol\Parser.js:43:10)
    at Protocol.write (C:\Users\Administrator\Desktop\socket\node_modules\mysql\lib\protocol\Protocol.js:38:16)
    at Socket.<anonymous> (C:\Users\Administrator\Desktop\socket\node_modules\mysql\lib\Connection.js:88:28)
    at Socket.<anonymous> (C:\Users\Administrator\Desktop\socket\node_modules\mysql\lib\Connection.js:526:10)
    at Socket.emit (node:events:520:28)
    at addChunk (node:internal/streams/readable:315:12)
    --------------------
    at Protocol._enqueue (C:\Users\Administrator\Desktop\socket\node_modules\mysql\lib\protocol\Protocol.js:144:48)
    at PoolConnection.query (C:\Users\Administrator\Desktop\socket\node_modules\mysql\lib\Connection.js:198:25)
    at Query.<anonymous> (C:\Users\Administrator\Desktop\socket\index.js:87:52)
    at Query.<anonymous> (C:\Users\Administrator\Desktop\socket\node_modules\mysql\lib\Connection.js:526:10)
    at Query._callback (C:\Users\Administrator\Desktop\socket\node_modules\mysql\lib\Connection.js:488:16)
    at Query.Sequence.end (C:\Users\Administrator\Desktop\socket\node_modules\mysql\lib\protocol\sequences\Sequence.js:83:24)
    at Query._handleFinalResultPacket (C:\Users\Administrator\Desktop\socket\node_modules\mysql\lib\protocol\sequences\Query.js:149:8)
    at Query.EofPacket (C:\Users\Administrator\Desktop\socket\node_modules\mysql\lib\protocol\sequences\Query.js:133:8)
    at Protocol._parsePacket (C:\Users\Administrator\Desktop\socket\node_modules\mysql\lib\protocol\Protocol.js:291:23)
    at Parser._parsePacket (C:\Users\Administrator\Desktop\socket\node_modules\mysql\lib\protocol\Parser.js:433:10) {
  code: 'ER_DATA_TOO_LONG',
  errno: 1406,
  sqlMessage: "Data too long for column 'time' at row 1",
  sqlState: '22001',
  index: 0,
  sql: "INSERT INTO doorlog SET `time` = '2049-1-4 25:75:124', `bussiness` = 0, `num` = 82, `content` = 1, `length` = 4, `card` = '194b7ce500000000', `equipment` = 1"
}
